<?xml version="1.0" encoding="UTF-8"?>
<testng-results skipped="0" failed="0" ignored="0" total="1" passed="1">
  <reporter-output>
  </reporter-output>
  <suite name="Default suite" duration-ms="8258" started-at="2019-11-28T14:12:45 EST" finished-at="2019-11-28T14:12:53 EST">
    <groups>
    </groups>
    <test name="Default test" duration-ms="8258" started-at="2019-11-28T14:12:45 EST" finished-at="2019-11-28T14:12:53 EST">
      <class name="TestCases.TransferFundTestCase">
        <test-method status="PASS" signature="Setup()[pri:0, instance:TestCases.TransferFundTestCase@5c5a1b69]" name="Setup" is-config="true" duration-ms="5232" started-at="2019-11-28T14:12:45 EST" finished-at="2019-11-28T14:12:50 EST">
          <reporter-output>
          </reporter-output>
        </test-method> <!-- Setup -->
        <test-method status="PASS" signature="TransferFunds()[pri:0, instance:TestCases.TransferFundTestCase@5c5a1b69]" name="TransferFunds" duration-ms="2334" started-at="2019-11-28T14:12:50 EST" finished-at="2019-11-28T14:12:52 EST">
          <reporter-output>
          </reporter-output>
        </test-method> <!-- TransferFunds -->
        <test-method status="PASS" signature="TearDown()[pri:0, instance:TestCases.TransferFundTestCase@5c5a1b69]" name="TearDown" is-config="true" duration-ms="660" started-at="2019-11-28T14:12:52 EST" finished-at="2019-11-28T14:12:53 EST">
          <reporter-output>
          </reporter-output>
        </test-method> <!-- TearDown -->
      </class> <!-- TestCases.TransferFundTestCase -->
    </test> <!-- Default test -->
  </suite> <!-- Default suite -->
</testng-results>
